<!DOCTYPE html PUBLIC "-//W3C//DTD XHTML 1.1//EN" "https://www.w3.org/TR/xhtml11/DTD/xhtml11.dtd">
<html xmlns="https://www.w3.org/1999/xhtml">
<head>
<meta http-equiv="content-type" content="text/html; charset=UTF-8"/>
<title>TestNG Report</title>
<style type="text/css">table {margin-bottom:10px;border-collapse:collapse;empty-cells:show}th,td {border:1px solid #009;padding:.25em .5em}th {vertical-align:bottom}td {vertical-align:top}table a {font-weight:bold}.stripe td {background-color: #E6EBF9}.num {text-align:right}.passedodd td {background-color: #3F3}.passedeven td {background-color: #0A0}.skippedodd td {background-color: #DDD}.skippedeven td {background-color: #CCC}.failedodd td,.attn {background-color: #F33}.failedeven td,.stripe .attn {background-color: #D00}.stacktrace {white-space:pre;font-family:monospace}.totop {font-size:85%;text-align:center;border-bottom:2px solid #000}.invisible {display:none}</style>
</head>
<body>
<table>
<tr><th>Test</th><th># Passed</th><th># Skipped</th><th># Retried</th><th># Failed</th><th>Time (ms)</th><th>Included Groups</th><th>Excluded Groups</th></tr>
<tr><th colspan="8">All Test Suite</th></tr>
<tr><td><a href="#t0">/Users/nadiruzzamanmuhammad/Documents/uiAutomationSeleniumJava</a></td><td class="num">0</td><td class="num attn">1</td><td class="num">0</td><td class="num">0</td><td class="num">71,271</td><td></td><td></td></tr>
</table>
<table id='summary'><thead><tr><th>Class</th><th>Method</th><th>Start</th><th>Time (ms)</th></tr></thead><tbody><tr><th colspan="4">All Test Suite</th></tr></tbody><tbody id="t0"><tr><th colspan="4">/Users/nadiruzzamanmuhammad/Documents/uiAutomationSeleniumJava &#8212; failed (configuration methods)</th></tr><tr class="failedeven"><td rowspan="1">loginTest.ValidLoginTest</td><td><a href="#m0">beforeTest</a></td><td rowspan="1">1605536146962</td><td rowspan="1">71216</td></tr><tr><th colspan="4">/Users/nadiruzzamanmuhammad/Documents/uiAutomationSeleniumJava &#8212; skipped (configuration methods)</th></tr><tr class="skippedeven"><td rowspan="1">loginTest.ValidLoginTest</td><td><a href="#m1">afterTest</a></td><td rowspan="1">1605536218228</td><td rowspan="1">-1605536218228</td></tr><tr><th colspan="4">/Users/nadiruzzamanmuhammad/Documents/uiAutomationSeleniumJava &#8212; skipped</th></tr><tr class="skippedeven"><td rowspan="1">loginTest.ValidLoginTest</td><td><a href="#m2">verifySignInTabDisplayed</a></td><td rowspan="1">1605536218222</td><td rowspan="1">0</td></tr></tbody>
</table>
<h2>/Users/nadiruzzamanmuhammad/Documents/uiAutomationSeleniumJava</h2><h3 id="m0">loginTest.ValidLoginTest#beforeTest</h3><table class="result"><tr class="param"><th>Parameter #1</th></tr><tr class="param stripe"><td>firefox</td></tr><tr><th>Exception</th></tr><tr><td><div class="stacktrace">org.openqa.selenium.WebDriverException: unknown error: unrecognized MSEdge version: Chrome/63.0.3230.0
Build info: version: &apos;3.141.59&apos;, revision: &apos;e82be7d358&apos;, time: &apos;2018-11-14T08:17:03&apos;
System info: host: &apos;Nadiruzzamans-MacBook-Pro.local&apos;, ip: &apos;fe80:0:0:0:1c34:f7c2:962:e5e5%en0&apos;, os.name: &apos;Mac OS X&apos;, os.arch: &apos;x86_64&apos;, os.version: &apos;10.15.7&apos;, java.version: &apos;1.8.0_181&apos;
Driver info: driver.version: EdgeDriver
remote stacktrace: 0   msedgedriver                        0x0000000108f84d99 msedgedriver + 18185625
1   msedgedriver                        0x0000000108f48773 msedgedriver + 17938291
2   msedgedriver                        0x0000000107efb65d msedgedriver + 845405
3   msedgedriver                        0x0000000107e3df79 msedgedriver + 69497
4   msedgedriver                        0x0000000107e3d855 msedgedriver + 67669
5   msedgedriver                        0x0000000107eeb186 msedgedriver + 778630
6   msedgedriver                        0x0000000107e461e2 msedgedriver + 102882
7   msedgedriver                        0x0000000107e4270a msedgedriver + 87818
8   msedgedriver                        0x0000000107e3ef82 msedgedriver + 73602
9   msedgedriver                        0x0000000107e722af msedgedriver + 283311
10  msedgedriver                        0x0000000107e6ecd3 msedgedriver + 269523
11  msedgedriver                        0x0000000107e48aa1 msedgedriver + 113313
12  msedgedriver                        0x0000000107e49ac7 msedgedriver + 117447
13  msedgedriver                        0x0000000108411890 msedgedriver + 6178960
14  msedgedriver                        0x000000010841d4ef msedgedriver + 6227183
15  msedgedriver                        0x000000010841d167 msedgedriver + 6226279
16  msedgedriver                        0x0000000108f4f835 msedgedriver + 17967157
17  msedgedriver                        0x000000010841da74 msedgedriver + 6228596
18  msedgedriver                        0x0000000108f63c0d msedgedriver + 18050061
19  msedgedriver                        0x00000001084312fd msedgedriver + 6308605
20  msedgedriver                        0x0000000108f89b67 msedgedriver + 18205543
21  libsystem_pthread.dylib             0x00007fff72ad6109 _pthread_start + 148
22  libsystem_pthread.dylib             0x00007fff72ad1b8b thread_start + 15

	at sun.reflect.NativeConstructorAccessorImpl.newInstance0(Native Method)
	at sun.reflect.NativeConstructorAccessorImpl.newInstance(NativeConstructorAccessorImpl.java:62)
	at sun.reflect.DelegatingConstructorAccessorImpl.newInstance(DelegatingConstructorAccessorImpl.java:45)
	at java.lang.reflect.Constructor.newInstance(Constructor.java:423)
	at org.openqa.selenium.remote.W3CHandshakeResponse.lambda$errorHandler$0(W3CHandshakeResponse.java:62)
	at org.openqa.selenium.remote.HandshakeResponse.lambda$getResponseFunction$0(HandshakeResponse.java:30)
	at org.openqa.selenium.remote.ProtocolHandshake.lambda$createSession$0(ProtocolHandshake.java:126)
	at java.util.stream.ReferencePipeline$3$1.accept(ReferencePipeline.java:193)
	at java.util.Spliterators$ArraySpliterator.tryAdvance(Spliterators.java:958)
	at java.util.stream.ReferencePipeline.forEachWithCancel(ReferencePipeline.java:126)
	at java.util.stream.AbstractPipeline.copyIntoWithCancel(AbstractPipeline.java:498)
	at java.util.stream.AbstractPipeline.copyInto(AbstractPipeline.java:485)
	at java.util.stream.AbstractPipeline.wrapAndCopyInto(AbstractPipeline.java:471)
	at java.util.stream.FindOps$FindOp.evaluateSequential(FindOps.java:152)
	at java.util.stream.AbstractPipeline.evaluate(AbstractPipeline.java:234)
	at java.util.stream.ReferencePipeline.findFirst(ReferencePipeline.java:464)
	at org.openqa.selenium.remote.ProtocolHandshake.createSession(ProtocolHandshake.java:128)
	at org.openqa.selenium.remote.ProtocolHandshake.createSession(ProtocolHandshake.java:74)
	at org.openqa.selenium.remote.HttpCommandExecutor.execute(HttpCommandExecutor.java:136)
	at org.openqa.selenium.remote.service.DriverCommandExecutor.execute(DriverCommandExecutor.java:83)
	at org.openqa.selenium.remote.RemoteWebDriver.execute(RemoteWebDriver.java:552)
	at org.openqa.selenium.remote.RemoteWebDriver.startSession(RemoteWebDriver.java:213)
	at org.openqa.selenium.remote.RemoteWebDriver.&lt;init&gt;(RemoteWebDriver.java:131)
	at org.openqa.selenium.edge.EdgeDriver.&lt;init&gt;(EdgeDriver.java:141)
	at org.openqa.selenium.edge.EdgeDriver.&lt;init&gt;(EdgeDriver.java:96)
	at base.ScriptBase.beforeTest(ScriptBase.java:37)
	at sun.reflect.NativeMethodAccessorImpl.invoke0(Native Method)
	at sun.reflect.NativeMethodAccessorImpl.invoke(NativeMethodAccessorImpl.java:62)
	at sun.reflect.DelegatingMethodAccessorImpl.invoke(DelegatingMethodAccessorImpl.java:43)
	at java.lang.reflect.Method.invoke(Method.java:498)
	at org.testng.internal.MethodInvocationHelper.invokeMethod(MethodInvocationHelper.java:132)
	at org.testng.internal.MethodInvocationHelper.invokeMethodConsideringTimeout(MethodInvocationHelper.java:61)
	at org.testng.internal.ConfigInvoker.invokeConfigurationMethod(ConfigInvoker.java:366)
	at org.testng.internal.ConfigInvoker.invokeConfigurations(ConfigInvoker.java:320)
	at org.testng.TestRunner.invokeTestConfigurations(TestRunner.java:617)
	at org.testng.TestRunner.beforeRun(TestRunner.java:607)
	at org.testng.TestRunner.run(TestRunner.java:578)
	at org.testng.SuiteRunner.runTest(SuiteRunner.java:384)
	at org.testng.SuiteRunner.runSequentially(SuiteRunner.java:378)
	at org.testng.SuiteRunner.privateRun(SuiteRunner.java:337)
	at org.testng.SuiteRunner.run(SuiteRunner.java:286)
	at org.testng.SuiteRunnerWorker.runSuite(SuiteRunnerWorker.java:53)
	at org.testng.SuiteRunnerWorker.run(SuiteRunnerWorker.java:96)
	at org.testng.TestNG.runSuitesSequentially(TestNG.java:1218)
	at org.testng.TestNG.runSuitesLocally(TestNG.java:1140)
	at org.testng.TestNG.runSuites(TestNG.java:1069)
	at org.testng.TestNG.run(TestNG.java:1037)
	at com.intellij.rt.testng.IDEARemoteTestNG.run(IDEARemoteTestNG.java:66)
	at com.intellij.rt.testng.RemoteTestNGStarter.main(RemoteTestNGStarter.java:110)
</div></td></tr></table><p class="totop"><a href="#summary">back to summary</a></p>
<h3 id="m1">loginTest.ValidLoginTest#afterTest</h3><table class="result"><tr><th class="invisible"/></tr></table><p class="totop"><a href="#summary">back to summary</a></p>
<h3 id="m2">loginTest.ValidLoginTest#verifySignInTabDisplayed</h3><table class="result"><tr><th>Exception</th></tr><tr><td><div class="stacktrace">org.openqa.selenium.WebDriverException: unknown error: unrecognized MSEdge version: Chrome/63.0.3230.0
Build info: version: &apos;3.141.59&apos;, revision: &apos;e82be7d358&apos;, time: &apos;2018-11-14T08:17:03&apos;
System info: host: &apos;Nadiruzzamans-MacBook-Pro.local&apos;, ip: &apos;fe80:0:0:0:1c34:f7c2:962:e5e5%en0&apos;, os.name: &apos;Mac OS X&apos;, os.arch: &apos;x86_64&apos;, os.version: &apos;10.15.7&apos;, java.version: &apos;1.8.0_181&apos;
Driver info: driver.version: EdgeDriver
remote stacktrace: 0   msedgedriver                        0x0000000108f84d99 msedgedriver + 18185625
1   msedgedriver                        0x0000000108f48773 msedgedriver + 17938291
2   msedgedriver                        0x0000000107efb65d msedgedriver + 845405
3   msedgedriver                        0x0000000107e3df79 msedgedriver + 69497
4   msedgedriver                        0x0000000107e3d855 msedgedriver + 67669
5   msedgedriver                        0x0000000107eeb186 msedgedriver + 778630
6   msedgedriver                        0x0000000107e461e2 msedgedriver + 102882
7   msedgedriver                        0x0000000107e4270a msedgedriver + 87818
8   msedgedriver                        0x0000000107e3ef82 msedgedriver + 73602
9   msedgedriver                        0x0000000107e722af msedgedriver + 283311
10  msedgedriver                        0x0000000107e6ecd3 msedgedriver + 269523
11  msedgedriver                        0x0000000107e48aa1 msedgedriver + 113313
12  msedgedriver                        0x0000000107e49ac7 msedgedriver + 117447
13  msedgedriver                        0x0000000108411890 msedgedriver + 6178960
14  msedgedriver                        0x000000010841d4ef msedgedriver + 6227183
15  msedgedriver                        0x000000010841d167 msedgedriver + 6226279
16  msedgedriver                        0x0000000108f4f835 msedgedriver + 17967157
17  msedgedriver                        0x000000010841da74 msedgedriver + 6228596
18  msedgedriver                        0x0000000108f63c0d msedgedriver + 18050061
19  msedgedriver                        0x00000001084312fd msedgedriver + 6308605
20  msedgedriver                        0x0000000108f89b67 msedgedriver + 18205543
21  libsystem_pthread.dylib             0x00007fff72ad6109 _pthread_start + 148
22  libsystem_pthread.dylib             0x00007fff72ad1b8b thread_start + 15

	at sun.reflect.NativeConstructorAccessorImpl.newInstance0(Native Method)
	at sun.reflect.NativeConstructorAccessorImpl.newInstance(NativeConstructorAccessorImpl.java:62)
	at sun.reflect.DelegatingConstructorAccessorImpl.newInstance(DelegatingConstructorAccessorImpl.java:45)
	at java.lang.reflect.Constructor.newInstance(Constructor.java:423)
	at org.openqa.selenium.remote.W3CHandshakeResponse.lambda$errorHandler$0(W3CHandshakeResponse.java:62)
	at org.openqa.selenium.remote.HandshakeResponse.lambda$getResponseFunction$0(HandshakeResponse.java:30)
	at org.openqa.selenium.remote.ProtocolHandshake.lambda$createSession$0(ProtocolHandshake.java:126)
	at java.util.stream.ReferencePipeline$3$1.accept(ReferencePipeline.java:193)
	at java.util.Spliterators$ArraySpliterator.tryAdvance(Spliterators.java:958)
	at java.util.stream.ReferencePipeline.forEachWithCancel(ReferencePipeline.java:126)
	at java.util.stream.AbstractPipeline.copyIntoWithCancel(AbstractPipeline.java:498)
	at java.util.stream.AbstractPipeline.copyInto(AbstractPipeline.java:485)
	at java.util.stream.AbstractPipeline.wrapAndCopyInto(AbstractPipeline.java:471)
	at java.util.stream.FindOps$FindOp.evaluateSequential(FindOps.java:152)
	at java.util.stream.AbstractPipeline.evaluate(AbstractPipeline.java:234)
	at java.util.stream.ReferencePipeline.findFirst(ReferencePipeline.java:464)
	at org.openqa.selenium.remote.ProtocolHandshake.createSession(ProtocolHandshake.java:128)
	at org.openqa.selenium.remote.ProtocolHandshake.createSession(ProtocolHandshake.java:74)
	at org.openqa.selenium.remote.HttpCommandExecutor.execute(HttpCommandExecutor.java:136)
	at org.openqa.selenium.remote.service.DriverCommandExecutor.execute(DriverCommandExecutor.java:83)
	at org.openqa.selenium.remote.RemoteWebDriver.execute(RemoteWebDriver.java:552)
	at org.openqa.selenium.remote.RemoteWebDriver.startSession(RemoteWebDriver.java:213)
	at org.openqa.selenium.remote.RemoteWebDriver.&lt;init&gt;(RemoteWebDriver.java:131)
	at org.openqa.selenium.edge.EdgeDriver.&lt;init&gt;(EdgeDriver.java:141)
	at org.openqa.selenium.edge.EdgeDriver.&lt;init&gt;(EdgeDriver.java:96)
	at base.ScriptBase.beforeTest(ScriptBase.java:37)
	at sun.reflect.NativeMethodAccessorImpl.invoke0(Native Method)
	at sun.reflect.NativeMethodAccessorImpl.invoke(NativeMethodAccessorImpl.java:62)
	at sun.reflect.DelegatingMethodAccessorImpl.invoke(DelegatingMethodAccessorImpl.java:43)
	at java.lang.reflect.Method.invoke(Method.java:498)
	at org.testng.internal.MethodInvocationHelper.invokeMethod(MethodInvocationHelper.java:132)
	at org.testng.internal.MethodInvocationHelper.invokeMethodConsideringTimeout(MethodInvocationHelper.java:61)
	at org.testng.internal.ConfigInvoker.invokeConfigurationMethod(ConfigInvoker.java:366)
	at org.testng.internal.ConfigInvoker.invokeConfigurations(ConfigInvoker.java:320)
	at org.testng.TestRunner.invokeTestConfigurations(TestRunner.java:617)
	at org.testng.TestRunner.beforeRun(TestRunner.java:607)
	at org.testng.TestRunner.run(TestRunner.java:578)
	at org.testng.SuiteRunner.runTest(SuiteRunner.java:384)
	at org.testng.SuiteRunner.runSequentially(SuiteRunner.java:378)
	at org.testng.SuiteRunner.privateRun(SuiteRunner.java:337)
	at org.testng.SuiteRunner.run(SuiteRunner.java:286)
	at org.testng.SuiteRunnerWorker.runSuite(SuiteRunnerWorker.java:53)
	at org.testng.SuiteRunnerWorker.run(SuiteRunnerWorker.java:96)
	at org.testng.TestNG.runSuitesSequentially(TestNG.java:1218)
	at org.testng.TestNG.runSuitesLocally(TestNG.java:1140)
	at org.testng.TestNG.runSuites(TestNG.java:1069)
	at org.testng.TestNG.run(TestNG.java:1037)
	at com.intellij.rt.testng.IDEARemoteTestNG.run(IDEARemoteTestNG.java:66)
	at com.intellij.rt.testng.RemoteTestNGStarter.main(RemoteTestNGStarter.java:110)
</div></td></tr></table><p class="totop"><a href="#summary">back to summary</a></p>
</body>
</html>
