<?xml version="1.0" encoding="UTF-8"?>
<testng-results skipped="0" failed="6" ignored="2" total="10" passed="2">
  <reporter-output>
    <line>
      <![CDATA[Test Starting soon ]]>
    </line>
    <line>
      <![CDATA[Test  start: verifySignInTabDisplayed]]>
    </line>
    <line>
      <![CDATA[<a href='/Users/nadiruzzamanmuhammad/Documents/uiAutomationSeleniumJava/src/main/java/successScreenshots/verifySignInTabDisplayed_19_12_2020_10_26_49.png'> <image src='/Users/nadiruzzamanmuhammad/Documents/uiAutomationSeleniumJava/src/main/java/successScreenshots/verifySignInTabDisplayed_19_12_2020_10_26_49.png'height='100' width'100'/> </a>]]>
    </line>
    <line>
      <![CDATA[Test  success: verifySignInTabDisplayed]]>
    </line>
    <line>
      <![CDATA[Test  start: verifyValidSignIn]]>
    </line>
    <line>
      <![CDATA[<a href='/Users/nadiruzzamanmuhammad/Documents/uiAutomationSeleniumJava/src/main/java/successScreenshots/verifyValidSignIn_19_12_2020_10_26_52.png'> <image src='/Users/nadiruzzamanmuhammad/Documents/uiAutomationSeleniumJava/src/main/java/successScreenshots/verifyValidSignIn_19_12_2020_10_26_52.png'height='100' width'100'/> </a>]]>
    </line>
    <line>
      <![CDATA[Test  success: verifyValidSignIn]]>
    </line>
    <line>
      <![CDATA[Test  start: verifyCartButtonAvailableInHomePage]]>
    </line>
    <line>
      <![CDATA[<a href='/Users/nadiruzzamanmuhammad/Documents/uiAutomationSeleniumJava/src/main/java/failureScreenshots/verifyCartButtonAvailableInHomePage_19_12_2020_10_27_14.png'> <image src='/Users/nadiruzzamanmuhammad/Documents/uiAutomationSeleniumJava/src/main/java/failureScreenshots/verifyCartButtonAvailableInHomePage_19_12_2020_10_27_14.png'height='100' width'100'/> </a>]]>
    </line>
    <line>
      <![CDATA[Test  start: verifyCartButtonAvailableInSpecialsPgae]]>
    </line>
    <line>
      <![CDATA[<a href='/Users/nadiruzzamanmuhammad/Documents/uiAutomationSeleniumJava/src/main/java/failureScreenshots/verifyCartButtonAvailableInSpecialsPgae_19_12_2020_10_27_16.png'> <image src='/Users/nadiruzzamanmuhammad/Documents/uiAutomationSeleniumJava/src/main/java/failureScreenshots/verifyCartButtonAvailableInSpecialsPgae_19_12_2020_10_27_16.png'height='100' width'100'/> </a>]]>
    </line>
    <line>
      <![CDATA[Test  start: verifyCartButtonAvailableInNewProductsPgae]]>
    </line>
    <line>
      <![CDATA[<a href='/Users/nadiruzzamanmuhammad/Documents/uiAutomationSeleniumJava/src/main/java/failureScreenshots/verifyCartButtonAvailableInNewProductsPgae_19_12_2020_10_27_18.png'> <image src='/Users/nadiruzzamanmuhammad/Documents/uiAutomationSeleniumJava/src/main/java/failureScreenshots/verifyCartButtonAvailableInNewProductsPgae_19_12_2020_10_27_18.png'height='100' width'100'/> </a>]]>
    </line>
    <line>
      <![CDATA[Test  start: verifyCartButtonAvailableInBestSellersPgae]]>
    </line>
    <line>
      <![CDATA[<a href='/Users/nadiruzzamanmuhammad/Documents/uiAutomationSeleniumJava/src/main/java/failureScreenshots/verifyCartButtonAvailableInBestSellersPgae_19_12_2020_10_27_21.png'> <image src='/Users/nadiruzzamanmuhammad/Documents/uiAutomationSeleniumJava/src/main/java/failureScreenshots/verifyCartButtonAvailableInBestSellersPgae_19_12_2020_10_27_21.png'height='100' width'100'/> </a>]]>
    </line>
    <line>
      <![CDATA[Test  start: verifyCartButtonAvailableInOurStoresPgae]]>
    </line>
    <line>
      <![CDATA[<a href='/Users/nadiruzzamanmuhammad/Documents/uiAutomationSeleniumJava/src/main/java/failureScreenshots/verifyCartButtonAvailableInOurStoresPgae_19_12_2020_10_27_23.png'> <image src='/Users/nadiruzzamanmuhammad/Documents/uiAutomationSeleniumJava/src/main/java/failureScreenshots/verifyCartButtonAvailableInOurStoresPgae_19_12_2020_10_27_23.png'height='100' width'100'/> </a>]]>
    </line>
    <line>
      <![CDATA[Test  start: verifyCartButtonAvailableInContactUsPgae]]>
    </line>
    <line>
      <![CDATA[<a href='/Users/nadiruzzamanmuhammad/Documents/uiAutomationSeleniumJava/src/main/java/failureScreenshots/verifyCartButtonAvailableInContactUsPgae_19_12_2020_10_27_25.png'> <image src='/Users/nadiruzzamanmuhammad/Documents/uiAutomationSeleniumJava/src/main/java/failureScreenshots/verifyCartButtonAvailableInContactUsPgae_19_12_2020_10_27_25.png'height='100' width'100'/> </a>]]>
    </line>
  </reporter-output>
  <suite name="All Test Suite" duration-ms="42223" started-at="2020-12-19T10:26:43 EST" finished-at="2020-12-19T10:27:26 EST">
    <groups>
    </groups>
    <test name="/Users/nadiruzzamanmuhammad/Documents/uiAutomationSeleniumJava" duration-ms="42223" started-at="2020-12-19T10:26:43 EST" finished-at="2020-12-19T10:27:26 EST">
      <class name="loginTest.ValidLoginTest">
        <test-method status="PASS" signature="beforeTest(java.lang.String)[pri:0, instance:loginTest.ValidLoginTest@351d0846]" name="beforeTest" is-config="true" duration-ms="4832" started-at="2020-12-19T10:26:43 EST" finished-at="2020-12-19T10:26:48 EST">
          <params>
            <param index="0">
              <value>
                <![CDATA[chrome]]>
              </value>
            </param>
          </params>
          <reporter-output>
          </reporter-output>
        </test-method> <!-- beforeTest -->
        <test-method status="PASS" signature="verifySignInTabDisplayed()[pri:1, instance:loginTest.ValidLoginTest@351d0846]" name="verifySignInTabDisplayed" duration-ms="337" started-at="2020-12-19T10:26:48 EST" finished-at="2020-12-19T10:26:49 EST">
          <reporter-output>
            <line>
              <![CDATA[Test  start: verifySignInTabDisplayed]]>
            </line>
            <line>
              <![CDATA[<a href='/Users/nadiruzzamanmuhammad/Documents/uiAutomationSeleniumJava/src/main/java/successScreenshots/verifySignInTabDisplayed_19_12_2020_10_26_49.png'> <image src='/Users/nadiruzzamanmuhammad/Documents/uiAutomationSeleniumJava/src/main/java/successScreenshots/verifySignInTabDisplayed_19_12_2020_10_26_49.png'height='100' width'100'/> </a>]]>
            </line>
            <line>
              <![CDATA[Test  success: verifySignInTabDisplayed]]>
            </line>
          </reporter-output>
        </test-method> <!-- verifySignInTabDisplayed -->
        <test-method status="PASS" signature="verifyValidSignIn()[pri:2, instance:loginTest.ValidLoginTest@351d0846]" name="verifyValidSignIn" duration-ms="1303" started-at="2020-12-19T10:26:51 EST" finished-at="2020-12-19T10:26:52 EST">
          <reporter-output>
            <line>
              <![CDATA[Test  start: verifyValidSignIn]]>
            </line>
            <line>
              <![CDATA[<a href='/Users/nadiruzzamanmuhammad/Documents/uiAutomationSeleniumJava/src/main/java/successScreenshots/verifyValidSignIn_19_12_2020_10_26_52.png'> <image src='/Users/nadiruzzamanmuhammad/Documents/uiAutomationSeleniumJava/src/main/java/successScreenshots/verifyValidSignIn_19_12_2020_10_26_52.png'height='100' width'100'/> </a>]]>
            </line>
            <line>
              <![CDATA[Test  success: verifyValidSignIn]]>
            </line>
          </reporter-output>
        </test-method> <!-- verifyValidSignIn -->
        <test-method status="PASS" signature="afterTest()[pri:0, instance:loginTest.ValidLoginTest@351d0846]" name="afterTest" is-config="true" duration-ms="0" started-at="2020-12-19T10:27:26 EST" finished-at="2020-12-19T10:27:26 EST">
          <reporter-output>
          </reporter-output>
        </test-method> <!-- afterTest -->
      </class> <!-- loginTest.ValidLoginTest -->
      <class name="cartPageTest.ValidCartPageTest">
        <test-method status="FAIL" signature="verifyCartButtonAvailableInHomePage()[pri:3, instance:cartPageTest.ValidCartPageTest@77e4c80f]" name="verifyCartButtonAvailableInHomePage" duration-ms="47" started-at="2020-12-19T10:27:14 EST" finished-at="2020-12-19T10:27:14 EST">
          <exception class="org.openqa.selenium.NoSuchElementException">
            <message>
              <![CDATA[no such element: Unable to locate element: {"method":"xpath","selector":"//a/b[@title='View my shopping cart']"}
  (Session info: chrome=87.0.4280.88)
For documentation on this error, please visit: https://www.seleniumhq.org/exceptions/no_such_element.html
Build info: version: '3.141.59', revision: 'e82be7d358', time: '2018-11-14T08:17:03'
System info: host: 'Nadiruzzamans-MacBook-Pro.local', ip: 'fe80:0:0:0:71:bdf4:2237:c4a8%en0', os.name: 'Mac OS X', os.arch: 'x86_64', os.version: '10.15.7', java.version: '1.8.0_181'
Driver info: org.openqa.selenium.chrome.ChromeDriver
Capabilities {acceptInsecureCerts: false, browserName: chrome, browserVersion: 87.0.4280.88, chrome: {chromedriverVersion: 87.0.4280.88 (89e2380a3e36c..., userDataDir: /var/folders/mm/x4ngx3h945v...}, goog:chromeOptions: {debuggerAddress: localhost:53592}, javascriptEnabled: true, networkConnectionEnabled: false, pageLoadStrategy: normal, platform: MAC, platformName: MAC, proxy: Proxy(), setWindowRect: true, strictFileInteractability: false, timeouts: {implicit: 0, pageLoad: 300000, script: 30000}, unhandledPromptBehavior: dismiss and notify, webauthn:virtualAuthenticators: true}
Session ID: eb790b4a6791cd5bfccb8ffdc2ac5bd7
*** Element info: {Using=xpath, value=//a/b[@title='View my shopping cart']}]]>
            </message>
            <full-stacktrace>
              <![CDATA[org.openqa.selenium.NoSuchElementException: no such element: Unable to locate element: {"method":"xpath","selector":"//a/b[@title='View my shopping cart']"}
  (Session info: chrome=87.0.4280.88)
For documentation on this error, please visit: https://www.seleniumhq.org/exceptions/no_such_element.html
Build info: version: '3.141.59', revision: 'e82be7d358', time: '2018-11-14T08:17:03'
System info: host: 'Nadiruzzamans-MacBook-Pro.local', ip: 'fe80:0:0:0:71:bdf4:2237:c4a8%en0', os.name: 'Mac OS X', os.arch: 'x86_64', os.version: '10.15.7', java.version: '1.8.0_181'
Driver info: org.openqa.selenium.chrome.ChromeDriver
Capabilities {acceptInsecureCerts: false, browserName: chrome, browserVersion: 87.0.4280.88, chrome: {chromedriverVersion: 87.0.4280.88 (89e2380a3e36c..., userDataDir: /var/folders/mm/x4ngx3h945v...}, goog:chromeOptions: {debuggerAddress: localhost:53592}, javascriptEnabled: true, networkConnectionEnabled: false, pageLoadStrategy: normal, platform: MAC, platformName: MAC, proxy: Proxy(), setWindowRect: true, strictFileInteractability: false, timeouts: {implicit: 0, pageLoad: 300000, script: 30000}, unhandledPromptBehavior: dismiss and notify, webauthn:virtualAuthenticators: true}
Session ID: eb790b4a6791cd5bfccb8ffdc2ac5bd7
*** Element info: {Using=xpath, value=//a/b[@title='View my shopping cart']}
at sun.reflect.NativeConstructorAccessorImpl.newInstance0(Native Method)
at sun.reflect.NativeConstructorAccessorImpl.newInstance(NativeConstructorAccessorImpl.java:62)
at sun.reflect.DelegatingConstructorAccessorImpl.newInstance(DelegatingConstructorAccessorImpl.java:45)
at java.lang.reflect.Constructor.newInstance(Constructor.java:423)
at org.openqa.selenium.remote.http.W3CHttpResponseCodec.createException(W3CHttpResponseCodec.java:187)
at org.openqa.selenium.remote.http.W3CHttpResponseCodec.decode(W3CHttpResponseCodec.java:122)
at org.openqa.selenium.remote.http.W3CHttpResponseCodec.decode(W3CHttpResponseCodec.java:49)
at org.openqa.selenium.remote.HttpCommandExecutor.execute(HttpCommandExecutor.java:158)
at org.openqa.selenium.remote.service.DriverCommandExecutor.execute(DriverCommandExecutor.java:83)
at org.openqa.selenium.remote.RemoteWebDriver.execute(RemoteWebDriver.java:552)
at org.openqa.selenium.remote.RemoteWebDriver.findElement(RemoteWebDriver.java:323)
at org.openqa.selenium.remote.RemoteWebDriver.findElementByXPath(RemoteWebDriver.java:428)
at org.openqa.selenium.By$ByXPath.findElement(By.java:353)
at org.openqa.selenium.remote.RemoteWebDriver.findElement(RemoteWebDriver.java:315)
at org.openqa.selenium.support.pagefactory.DefaultElementLocator.findElement(DefaultElementLocator.java:69)
at org.openqa.selenium.support.pagefactory.internal.LocatingElementHandler.invoke(LocatingElementHandler.java:38)
at com.sun.proxy.$Proxy9.isDisplayed(Unknown Source)
at controller.CartPage.cartButtonDisplayed(CartPage.java:18)
at cartPageTest.ValidCartPageTest.verifyCartButtonAvailableInHomePage(ValidCartPageTest.java:14)
at sun.reflect.NativeMethodAccessorImpl.invoke0(Native Method)
at sun.reflect.NativeMethodAccessorImpl.invoke(NativeMethodAccessorImpl.java:62)
at sun.reflect.DelegatingMethodAccessorImpl.invoke(DelegatingMethodAccessorImpl.java:43)
at java.lang.reflect.Method.invoke(Method.java:498)
at org.testng.internal.MethodInvocationHelper.invokeMethod(MethodInvocationHelper.java:132)
at org.testng.internal.TestInvoker.invokeMethod(TestInvoker.java:599)
at org.testng.internal.TestInvoker.invokeTestMethod(TestInvoker.java:174)
at org.testng.internal.MethodRunner.runInSequence(MethodRunner.java:46)
at org.testng.internal.TestInvoker$MethodInvocationAgent.invoke(TestInvoker.java:822)
at org.testng.internal.TestInvoker.invokeTestMethods(TestInvoker.java:147)
at org.testng.internal.TestMethodWorker.invokeTestMethods(TestMethodWorker.java:146)
at org.testng.internal.TestMethodWorker.run(TestMethodWorker.java:128)
at java.util.ArrayList.forEach(ArrayList.java:1257)
at org.testng.TestRunner.privateRun(TestRunner.java:764)
at org.testng.TestRunner.run(TestRunner.java:585)
at org.testng.SuiteRunner.runTest(SuiteRunner.java:384)
at org.testng.SuiteRunner.runSequentially(SuiteRunner.java:378)
at org.testng.SuiteRunner.privateRun(SuiteRunner.java:337)
at org.testng.SuiteRunner.run(SuiteRunner.java:286)
at org.testng.SuiteRunnerWorker.runSuite(SuiteRunnerWorker.java:53)
at org.testng.SuiteRunnerWorker.run(SuiteRunnerWorker.java:96)
at org.testng.TestNG.runSuitesSequentially(TestNG.java:1218)
at org.testng.TestNG.runSuitesLocally(TestNG.java:1140)
at org.testng.TestNG.runSuites(TestNG.java:1069)
at org.testng.TestNG.run(TestNG.java:1037)
at com.intellij.rt.testng.IDEARemoteTestNG.run(IDEARemoteTestNG.java:66)
at com.intellij.rt.testng.RemoteTestNGStarter.main(RemoteTestNGStarter.java:110)
]]>
            </full-stacktrace>
          </exception> <!-- org.openqa.selenium.NoSuchElementException -->
          <reporter-output>
            <line>
              <![CDATA[Test  start: verifyCartButtonAvailableInHomePage]]>
            </line>
            <line>
              <![CDATA[<a href='/Users/nadiruzzamanmuhammad/Documents/uiAutomationSeleniumJava/src/main/java/failureScreenshots/verifyCartButtonAvailableInHomePage_19_12_2020_10_27_14.png'> <image src='/Users/nadiruzzamanmuhammad/Documents/uiAutomationSeleniumJava/src/main/java/failureScreenshots/verifyCartButtonAvailableInHomePage_19_12_2020_10_27_14.png'height='100' width'100'/> </a>]]>
            </line>
          </reporter-output>
        </test-method> <!-- verifyCartButtonAvailableInHomePage -->
        <test-method status="FAIL" signature="verifyCartButtonAvailableInSpecialsPgae()[pri:4, instance:cartPageTest.ValidCartPageTest@77e4c80f]" name="verifyCartButtonAvailableInSpecialsPgae" duration-ms="926" started-at="2020-12-19T10:27:15 EST" finished-at="2020-12-19T10:27:16 EST">
          <exception class="org.openqa.selenium.NoSuchElementException">
            <message>
              <![CDATA[no such element: Unable to locate element: {"method":"xpath","selector":"//a/b[@title='View my shopping cart']"}
  (Session info: chrome=87.0.4280.88)
For documentation on this error, please visit: https://www.seleniumhq.org/exceptions/no_such_element.html
Build info: version: '3.141.59', revision: 'e82be7d358', time: '2018-11-14T08:17:03'
System info: host: 'Nadiruzzamans-MacBook-Pro.local', ip: 'fe80:0:0:0:71:bdf4:2237:c4a8%en0', os.name: 'Mac OS X', os.arch: 'x86_64', os.version: '10.15.7', java.version: '1.8.0_181'
Driver info: org.openqa.selenium.chrome.ChromeDriver
Capabilities {acceptInsecureCerts: false, browserName: chrome, browserVersion: 87.0.4280.88, chrome: {chromedriverVersion: 87.0.4280.88 (89e2380a3e36c..., userDataDir: /var/folders/mm/x4ngx3h945v...}, goog:chromeOptions: {debuggerAddress: localhost:53592}, javascriptEnabled: true, networkConnectionEnabled: false, pageLoadStrategy: normal, platform: MAC, platformName: MAC, proxy: Proxy(), setWindowRect: true, strictFileInteractability: false, timeouts: {implicit: 0, pageLoad: 300000, script: 30000}, unhandledPromptBehavior: dismiss and notify, webauthn:virtualAuthenticators: true}
Session ID: eb790b4a6791cd5bfccb8ffdc2ac5bd7
*** Element info: {Using=xpath, value=//a/b[@title='View my shopping cart']}]]>
            </message>
            <full-stacktrace>
              <![CDATA[org.openqa.selenium.NoSuchElementException: no such element: Unable to locate element: {"method":"xpath","selector":"//a/b[@title='View my shopping cart']"}
  (Session info: chrome=87.0.4280.88)
For documentation on this error, please visit: https://www.seleniumhq.org/exceptions/no_such_element.html
Build info: version: '3.141.59', revision: 'e82be7d358', time: '2018-11-14T08:17:03'
System info: host: 'Nadiruzzamans-MacBook-Pro.local', ip: 'fe80:0:0:0:71:bdf4:2237:c4a8%en0', os.name: 'Mac OS X', os.arch: 'x86_64', os.version: '10.15.7', java.version: '1.8.0_181'
Driver info: org.openqa.selenium.chrome.ChromeDriver
Capabilities {acceptInsecureCerts: false, browserName: chrome, browserVersion: 87.0.4280.88, chrome: {chromedriverVersion: 87.0.4280.88 (89e2380a3e36c..., userDataDir: /var/folders/mm/x4ngx3h945v...}, goog:chromeOptions: {debuggerAddress: localhost:53592}, javascriptEnabled: true, networkConnectionEnabled: false, pageLoadStrategy: normal, platform: MAC, platformName: MAC, proxy: Proxy(), setWindowRect: true, strictFileInteractability: false, timeouts: {implicit: 0, pageLoad: 300000, script: 30000}, unhandledPromptBehavior: dismiss and notify, webauthn:virtualAuthenticators: true}
Session ID: eb790b4a6791cd5bfccb8ffdc2ac5bd7
*** Element info: {Using=xpath, value=//a/b[@title='View my shopping cart']}
at sun.reflect.NativeConstructorAccessorImpl.newInstance0(Native Method)
at sun.reflect.NativeConstructorAccessorImpl.newInstance(NativeConstructorAccessorImpl.java:62)
at sun.reflect.DelegatingConstructorAccessorImpl.newInstance(DelegatingConstructorAccessorImpl.java:45)
at java.lang.reflect.Constructor.newInstance(Constructor.java:423)
at org.openqa.selenium.remote.http.W3CHttpResponseCodec.createException(W3CHttpResponseCodec.java:187)
at org.openqa.selenium.remote.http.W3CHttpResponseCodec.decode(W3CHttpResponseCodec.java:122)
at org.openqa.selenium.remote.http.W3CHttpResponseCodec.decode(W3CHttpResponseCodec.java:49)
at org.openqa.selenium.remote.HttpCommandExecutor.execute(HttpCommandExecutor.java:158)
at org.openqa.selenium.remote.service.DriverCommandExecutor.execute(DriverCommandExecutor.java:83)
at org.openqa.selenium.remote.RemoteWebDriver.execute(RemoteWebDriver.java:552)
at org.openqa.selenium.remote.RemoteWebDriver.findElement(RemoteWebDriver.java:323)
at org.openqa.selenium.remote.RemoteWebDriver.findElementByXPath(RemoteWebDriver.java:428)
at org.openqa.selenium.By$ByXPath.findElement(By.java:353)
at org.openqa.selenium.remote.RemoteWebDriver.findElement(RemoteWebDriver.java:315)
at org.openqa.selenium.support.pagefactory.DefaultElementLocator.findElement(DefaultElementLocator.java:69)
at org.openqa.selenium.support.pagefactory.internal.LocatingElementHandler.invoke(LocatingElementHandler.java:38)
at com.sun.proxy.$Proxy9.isDisplayed(Unknown Source)
at controller.CartPage.cartButtonDisplayed(CartPage.java:18)
at cartPageTest.ValidCartPageTest.verifyCartButtonAvailableInSpecialsPgae(ValidCartPageTest.java:21)
at sun.reflect.NativeMethodAccessorImpl.invoke0(Native Method)
at sun.reflect.NativeMethodAccessorImpl.invoke(NativeMethodAccessorImpl.java:62)
at sun.reflect.DelegatingMethodAccessorImpl.invoke(DelegatingMethodAccessorImpl.java:43)
at java.lang.reflect.Method.invoke(Method.java:498)
at org.testng.internal.MethodInvocationHelper.invokeMethod(MethodInvocationHelper.java:132)
at org.testng.internal.TestInvoker.invokeMethod(TestInvoker.java:599)
at org.testng.internal.TestInvoker.invokeTestMethod(TestInvoker.java:174)
at org.testng.internal.MethodRunner.runInSequence(MethodRunner.java:46)
at org.testng.internal.TestInvoker$MethodInvocationAgent.invoke(TestInvoker.java:822)
at org.testng.internal.TestInvoker.invokeTestMethods(TestInvoker.java:147)
at org.testng.internal.TestMethodWorker.invokeTestMethods(TestMethodWorker.java:146)
at org.testng.internal.TestMethodWorker.run(TestMethodWorker.java:128)
at java.util.ArrayList.forEach(ArrayList.java:1257)
at org.testng.TestRunner.privateRun(TestRunner.java:764)
at org.testng.TestRunner.run(TestRunner.java:585)
at org.testng.SuiteRunner.runTest(SuiteRunner.java:384)
at org.testng.SuiteRunner.runSequentially(SuiteRunner.java:378)
at org.testng.SuiteRunner.privateRun(SuiteRunner.java:337)
at org.testng.SuiteRunner.run(SuiteRunner.java:286)
at org.testng.SuiteRunnerWorker.runSuite(SuiteRunnerWorker.java:53)
at org.testng.SuiteRunnerWorker.run(SuiteRunnerWorker.java:96)
at org.testng.TestNG.runSuitesSequentially(TestNG.java:1218)
at org.testng.TestNG.runSuitesLocally(TestNG.java:1140)
at org.testng.TestNG.runSuites(TestNG.java:1069)
at org.testng.TestNG.run(TestNG.java:1037)
at com.intellij.rt.testng.IDEARemoteTestNG.run(IDEARemoteTestNG.java:66)
at com.intellij.rt.testng.RemoteTestNGStarter.main(RemoteTestNGStarter.java:110)
]]>
            </full-stacktrace>
          </exception> <!-- org.openqa.selenium.NoSuchElementException -->
          <reporter-output>
            <line>
              <![CDATA[Test  start: verifyCartButtonAvailableInSpecialsPgae]]>
            </line>
            <line>
              <![CDATA[<a href='/Users/nadiruzzamanmuhammad/Documents/uiAutomationSeleniumJava/src/main/java/failureScreenshots/verifyCartButtonAvailableInSpecialsPgae_19_12_2020_10_27_16.png'> <image src='/Users/nadiruzzamanmuhammad/Documents/uiAutomationSeleniumJava/src/main/java/failureScreenshots/verifyCartButtonAvailableInSpecialsPgae_19_12_2020_10_27_16.png'height='100' width'100'/> </a>]]>
            </line>
          </reporter-output>
        </test-method> <!-- verifyCartButtonAvailableInSpecialsPgae -->
        <test-method status="FAIL" signature="verifyCartButtonAvailableInNewProductsPgae()[pri:5, instance:cartPageTest.ValidCartPageTest@77e4c80f]" name="verifyCartButtonAvailableInNewProductsPgae" duration-ms="1196" started-at="2020-12-19T10:27:17 EST" finished-at="2020-12-19T10:27:18 EST">
          <exception class="org.openqa.selenium.NoSuchElementException">
            <message>
              <![CDATA[no such element: Unable to locate element: {"method":"xpath","selector":"//a/b[@title='View my shopping cart']"}
  (Session info: chrome=87.0.4280.88)
For documentation on this error, please visit: https://www.seleniumhq.org/exceptions/no_such_element.html
Build info: version: '3.141.59', revision: 'e82be7d358', time: '2018-11-14T08:17:03'
System info: host: 'Nadiruzzamans-MacBook-Pro.local', ip: 'fe80:0:0:0:71:bdf4:2237:c4a8%en0', os.name: 'Mac OS X', os.arch: 'x86_64', os.version: '10.15.7', java.version: '1.8.0_181'
Driver info: org.openqa.selenium.chrome.ChromeDriver
Capabilities {acceptInsecureCerts: false, browserName: chrome, browserVersion: 87.0.4280.88, chrome: {chromedriverVersion: 87.0.4280.88 (89e2380a3e36c..., userDataDir: /var/folders/mm/x4ngx3h945v...}, goog:chromeOptions: {debuggerAddress: localhost:53592}, javascriptEnabled: true, networkConnectionEnabled: false, pageLoadStrategy: normal, platform: MAC, platformName: MAC, proxy: Proxy(), setWindowRect: true, strictFileInteractability: false, timeouts: {implicit: 0, pageLoad: 300000, script: 30000}, unhandledPromptBehavior: dismiss and notify, webauthn:virtualAuthenticators: true}
Session ID: eb790b4a6791cd5bfccb8ffdc2ac5bd7
*** Element info: {Using=xpath, value=//a/b[@title='View my shopping cart']}]]>
            </message>
            <full-stacktrace>
              <![CDATA[org.openqa.selenium.NoSuchElementException: no such element: Unable to locate element: {"method":"xpath","selector":"//a/b[@title='View my shopping cart']"}
  (Session info: chrome=87.0.4280.88)
For documentation on this error, please visit: https://www.seleniumhq.org/exceptions/no_such_element.html
Build info: version: '3.141.59', revision: 'e82be7d358', time: '2018-11-14T08:17:03'
System info: host: 'Nadiruzzamans-MacBook-Pro.local', ip: 'fe80:0:0:0:71:bdf4:2237:c4a8%en0', os.name: 'Mac OS X', os.arch: 'x86_64', os.version: '10.15.7', java.version: '1.8.0_181'
Driver info: org.openqa.selenium.chrome.ChromeDriver
Capabilities {acceptInsecureCerts: false, browserName: chrome, browserVersion: 87.0.4280.88, chrome: {chromedriverVersion: 87.0.4280.88 (89e2380a3e36c..., userDataDir: /var/folders/mm/x4ngx3h945v...}, goog:chromeOptions: {debuggerAddress: localhost:53592}, javascriptEnabled: true, networkConnectionEnabled: false, pageLoadStrategy: normal, platform: MAC, platformName: MAC, proxy: Proxy(), setWindowRect: true, strictFileInteractability: false, timeouts: {implicit: 0, pageLoad: 300000, script: 30000}, unhandledPromptBehavior: dismiss and notify, webauthn:virtualAuthenticators: true}
Session ID: eb790b4a6791cd5bfccb8ffdc2ac5bd7
*** Element info: {Using=xpath, value=//a/b[@title='View my shopping cart']}
at sun.reflect.NativeConstructorAccessorImpl.newInstance0(Native Method)
at sun.reflect.NativeConstructorAccessorImpl.newInstance(NativeConstructorAccessorImpl.java:62)
at sun.reflect.DelegatingConstructorAccessorImpl.newInstance(DelegatingConstructorAccessorImpl.java:45)
at java.lang.reflect.Constructor.newInstance(Constructor.java:423)
at org.openqa.selenium.remote.http.W3CHttpResponseCodec.createException(W3CHttpResponseCodec.java:187)
at org.openqa.selenium.remote.http.W3CHttpResponseCodec.decode(W3CHttpResponseCodec.java:122)
at org.openqa.selenium.remote.http.W3CHttpResponseCodec.decode(W3CHttpResponseCodec.java:49)
at org.openqa.selenium.remote.HttpCommandExecutor.execute(HttpCommandExecutor.java:158)
at org.openqa.selenium.remote.service.DriverCommandExecutor.execute(DriverCommandExecutor.java:83)
at org.openqa.selenium.remote.RemoteWebDriver.execute(RemoteWebDriver.java:552)
at org.openqa.selenium.remote.RemoteWebDriver.findElement(RemoteWebDriver.java:323)
at org.openqa.selenium.remote.RemoteWebDriver.findElementByXPath(RemoteWebDriver.java:428)
at org.openqa.selenium.By$ByXPath.findElement(By.java:353)
at org.openqa.selenium.remote.RemoteWebDriver.findElement(RemoteWebDriver.java:315)
at org.openqa.selenium.support.pagefactory.DefaultElementLocator.findElement(DefaultElementLocator.java:69)
at org.openqa.selenium.support.pagefactory.internal.LocatingElementHandler.invoke(LocatingElementHandler.java:38)
at com.sun.proxy.$Proxy9.isDisplayed(Unknown Source)
at controller.CartPage.cartButtonDisplayed(CartPage.java:18)
at cartPageTest.ValidCartPageTest.verifyCartButtonAvailableInNewProductsPgae(ValidCartPageTest.java:28)
at sun.reflect.NativeMethodAccessorImpl.invoke0(Native Method)
at sun.reflect.NativeMethodAccessorImpl.invoke(NativeMethodAccessorImpl.java:62)
at sun.reflect.DelegatingMethodAccessorImpl.invoke(DelegatingMethodAccessorImpl.java:43)
at java.lang.reflect.Method.invoke(Method.java:498)
at org.testng.internal.MethodInvocationHelper.invokeMethod(MethodInvocationHelper.java:132)
at org.testng.internal.TestInvoker.invokeMethod(TestInvoker.java:599)
at org.testng.internal.TestInvoker.invokeTestMethod(TestInvoker.java:174)
at org.testng.internal.MethodRunner.runInSequence(MethodRunner.java:46)
at org.testng.internal.TestInvoker$MethodInvocationAgent.invoke(TestInvoker.java:822)
at org.testng.internal.TestInvoker.invokeTestMethods(TestInvoker.java:147)
at org.testng.internal.TestMethodWorker.invokeTestMethods(TestMethodWorker.java:146)
at org.testng.internal.TestMethodWorker.run(TestMethodWorker.java:128)
at java.util.ArrayList.forEach(ArrayList.java:1257)
at org.testng.TestRunner.privateRun(TestRunner.java:764)
at org.testng.TestRunner.run(TestRunner.java:585)
at org.testng.SuiteRunner.runTest(SuiteRunner.java:384)
at org.testng.SuiteRunner.runSequentially(SuiteRunner.java:378)
at org.testng.SuiteRunner.privateRun(SuiteRunner.java:337)
at org.testng.SuiteRunner.run(SuiteRunner.java:286)
at org.testng.SuiteRunnerWorker.runSuite(SuiteRunnerWorker.java:53)
at org.testng.SuiteRunnerWorker.run(SuiteRunnerWorker.java:96)
at org.testng.TestNG.runSuitesSequentially(TestNG.java:1218)
at org.testng.TestNG.runSuitesLocally(TestNG.java:1140)
at org.testng.TestNG.runSuites(TestNG.java:1069)
at org.testng.TestNG.run(TestNG.java:1037)
at com.intellij.rt.testng.IDEARemoteTestNG.run(IDEARemoteTestNG.java:66)
at com.intellij.rt.testng.RemoteTestNGStarter.main(RemoteTestNGStarter.java:110)
]]>
            </full-stacktrace>
          </exception> <!-- org.openqa.selenium.NoSuchElementException -->
          <reporter-output>
            <line>
              <![CDATA[Test  start: verifyCartButtonAvailableInNewProductsPgae]]>
            </line>
            <line>
              <![CDATA[<a href='/Users/nadiruzzamanmuhammad/Documents/uiAutomationSeleniumJava/src/main/java/failureScreenshots/verifyCartButtonAvailableInNewProductsPgae_19_12_2020_10_27_18.png'> <image src='/Users/nadiruzzamanmuhammad/Documents/uiAutomationSeleniumJava/src/main/java/failureScreenshots/verifyCartButtonAvailableInNewProductsPgae_19_12_2020_10_27_18.png'height='100' width'100'/> </a>]]>
            </line>
          </reporter-output>
        </test-method> <!-- verifyCartButtonAvailableInNewProductsPgae -->
        <test-method status="FAIL" signature="verifyCartButtonAvailableInBestSellersPgae()[pri:6, instance:cartPageTest.ValidCartPageTest@77e4c80f]" name="verifyCartButtonAvailableInBestSellersPgae" duration-ms="2225" started-at="2020-12-19T10:27:19 EST" finished-at="2020-12-19T10:27:21 EST">
          <exception class="org.openqa.selenium.NoSuchElementException">
            <message>
              <![CDATA[no such element: Unable to locate element: {"method":"xpath","selector":"//a/b[@title='View my shopping cart']"}
  (Session info: chrome=87.0.4280.88)
For documentation on this error, please visit: https://www.seleniumhq.org/exceptions/no_such_element.html
Build info: version: '3.141.59', revision: 'e82be7d358', time: '2018-11-14T08:17:03'
System info: host: 'Nadiruzzamans-MacBook-Pro.local', ip: 'fe80:0:0:0:71:bdf4:2237:c4a8%en0', os.name: 'Mac OS X', os.arch: 'x86_64', os.version: '10.15.7', java.version: '1.8.0_181'
Driver info: org.openqa.selenium.chrome.ChromeDriver
Capabilities {acceptInsecureCerts: false, browserName: chrome, browserVersion: 87.0.4280.88, chrome: {chromedriverVersion: 87.0.4280.88 (89e2380a3e36c..., userDataDir: /var/folders/mm/x4ngx3h945v...}, goog:chromeOptions: {debuggerAddress: localhost:53592}, javascriptEnabled: true, networkConnectionEnabled: false, pageLoadStrategy: normal, platform: MAC, platformName: MAC, proxy: Proxy(), setWindowRect: true, strictFileInteractability: false, timeouts: {implicit: 0, pageLoad: 300000, script: 30000}, unhandledPromptBehavior: dismiss and notify, webauthn:virtualAuthenticators: true}
Session ID: eb790b4a6791cd5bfccb8ffdc2ac5bd7
*** Element info: {Using=xpath, value=//a/b[@title='View my shopping cart']}]]>
            </message>
            <full-stacktrace>
              <![CDATA[org.openqa.selenium.NoSuchElementException: no such element: Unable to locate element: {"method":"xpath","selector":"//a/b[@title='View my shopping cart']"}
  (Session info: chrome=87.0.4280.88)
For documentation on this error, please visit: https://www.seleniumhq.org/exceptions/no_such_element.html
Build info: version: '3.141.59', revision: 'e82be7d358', time: '2018-11-14T08:17:03'
System info: host: 'Nadiruzzamans-MacBook-Pro.local', ip: 'fe80:0:0:0:71:bdf4:2237:c4a8%en0', os.name: 'Mac OS X', os.arch: 'x86_64', os.version: '10.15.7', java.version: '1.8.0_181'
Driver info: org.openqa.selenium.chrome.ChromeDriver
Capabilities {acceptInsecureCerts: false, browserName: chrome, browserVersion: 87.0.4280.88, chrome: {chromedriverVersion: 87.0.4280.88 (89e2380a3e36c..., userDataDir: /var/folders/mm/x4ngx3h945v...}, goog:chromeOptions: {debuggerAddress: localhost:53592}, javascriptEnabled: true, networkConnectionEnabled: false, pageLoadStrategy: normal, platform: MAC, platformName: MAC, proxy: Proxy(), setWindowRect: true, strictFileInteractability: false, timeouts: {implicit: 0, pageLoad: 300000, script: 30000}, unhandledPromptBehavior: dismiss and notify, webauthn:virtualAuthenticators: true}
Session ID: eb790b4a6791cd5bfccb8ffdc2ac5bd7
*** Element info: {Using=xpath, value=//a/b[@title='View my shopping cart']}
at sun.reflect.NativeConstructorAccessorImpl.newInstance0(Native Method)
at sun.reflect.NativeConstructorAccessorImpl.newInstance(NativeConstructorAccessorImpl.java:62)
at sun.reflect.DelegatingConstructorAccessorImpl.newInstance(DelegatingConstructorAccessorImpl.java:45)
at java.lang.reflect.Constructor.newInstance(Constructor.java:423)
at org.openqa.selenium.remote.http.W3CHttpResponseCodec.createException(W3CHttpResponseCodec.java:187)
at org.openqa.selenium.remote.http.W3CHttpResponseCodec.decode(W3CHttpResponseCodec.java:122)
at org.openqa.selenium.remote.http.W3CHttpResponseCodec.decode(W3CHttpResponseCodec.java:49)
at org.openqa.selenium.remote.HttpCommandExecutor.execute(HttpCommandExecutor.java:158)
at org.openqa.selenium.remote.service.DriverCommandExecutor.execute(DriverCommandExecutor.java:83)
at org.openqa.selenium.remote.RemoteWebDriver.execute(RemoteWebDriver.java:552)
at org.openqa.selenium.remote.RemoteWebDriver.findElement(RemoteWebDriver.java:323)
at org.openqa.selenium.remote.RemoteWebDriver.findElementByXPath(RemoteWebDriver.java:428)
at org.openqa.selenium.By$ByXPath.findElement(By.java:353)
at org.openqa.selenium.remote.RemoteWebDriver.findElement(RemoteWebDriver.java:315)
at org.openqa.selenium.support.pagefactory.DefaultElementLocator.findElement(DefaultElementLocator.java:69)
at org.openqa.selenium.support.pagefactory.internal.LocatingElementHandler.invoke(LocatingElementHandler.java:38)
at com.sun.proxy.$Proxy9.isDisplayed(Unknown Source)
at controller.CartPage.cartButtonDisplayed(CartPage.java:18)
at cartPageTest.ValidCartPageTest.verifyCartButtonAvailableInBestSellersPgae(ValidCartPageTest.java:35)
at sun.reflect.NativeMethodAccessorImpl.invoke0(Native Method)
at sun.reflect.NativeMethodAccessorImpl.invoke(NativeMethodAccessorImpl.java:62)
at sun.reflect.DelegatingMethodAccessorImpl.invoke(DelegatingMethodAccessorImpl.java:43)
at java.lang.reflect.Method.invoke(Method.java:498)
at org.testng.internal.MethodInvocationHelper.invokeMethod(MethodInvocationHelper.java:132)
at org.testng.internal.TestInvoker.invokeMethod(TestInvoker.java:599)
at org.testng.internal.TestInvoker.invokeTestMethod(TestInvoker.java:174)
at org.testng.internal.MethodRunner.runInSequence(MethodRunner.java:46)
at org.testng.internal.TestInvoker$MethodInvocationAgent.invoke(TestInvoker.java:822)
at org.testng.internal.TestInvoker.invokeTestMethods(TestInvoker.java:147)
at org.testng.internal.TestMethodWorker.invokeTestMethods(TestMethodWorker.java:146)
at org.testng.internal.TestMethodWorker.run(TestMethodWorker.java:128)
at java.util.ArrayList.forEach(ArrayList.java:1257)
at org.testng.TestRunner.privateRun(TestRunner.java:764)
at org.testng.TestRunner.run(TestRunner.java:585)
at org.testng.SuiteRunner.runTest(SuiteRunner.java:384)
at org.testng.SuiteRunner.runSequentially(SuiteRunner.java:378)
at org.testng.SuiteRunner.privateRun(SuiteRunner.java:337)
at org.testng.SuiteRunner.run(SuiteRunner.java:286)
at org.testng.SuiteRunnerWorker.runSuite(SuiteRunnerWorker.java:53)
at org.testng.SuiteRunnerWorker.run(SuiteRunnerWorker.java:96)
at org.testng.TestNG.runSuitesSequentially(TestNG.java:1218)
at org.testng.TestNG.runSuitesLocally(TestNG.java:1140)
at org.testng.TestNG.runSuites(TestNG.java:1069)
at org.testng.TestNG.run(TestNG.java:1037)
at com.intellij.rt.testng.IDEARemoteTestNG.run(IDEARemoteTestNG.java:66)
at com.intellij.rt.testng.RemoteTestNGStarter.main(RemoteTestNGStarter.java:110)
]]>
            </full-stacktrace>
          </exception> <!-- org.openqa.selenium.NoSuchElementException -->
          <reporter-output>
            <line>
              <![CDATA[Test  start: verifyCartButtonAvailableInBestSellersPgae]]>
            </line>
            <line>
              <![CDATA[<a href='/Users/nadiruzzamanmuhammad/Documents/uiAutomationSeleniumJava/src/main/java/failureScreenshots/verifyCartButtonAvailableInBestSellersPgae_19_12_2020_10_27_21.png'> <image src='/Users/nadiruzzamanmuhammad/Documents/uiAutomationSeleniumJava/src/main/java/failureScreenshots/verifyCartButtonAvailableInBestSellersPgae_19_12_2020_10_27_21.png'height='100' width'100'/> </a>]]>
            </line>
          </reporter-output>
        </test-method> <!-- verifyCartButtonAvailableInBestSellersPgae -->
        <test-method status="FAIL" signature="verifyCartButtonAvailableInOurStoresPgae()[pri:7, instance:cartPageTest.ValidCartPageTest@77e4c80f]" name="verifyCartButtonAvailableInOurStoresPgae" duration-ms="995" started-at="2020-12-19T10:27:22 EST" finished-at="2020-12-19T10:27:23 EST">
          <exception class="org.openqa.selenium.NoSuchElementException">
            <message>
              <![CDATA[no such element: Unable to locate element: {"method":"xpath","selector":"//a/b[@title='View my shopping cart']"}
  (Session info: chrome=87.0.4280.88)
For documentation on this error, please visit: https://www.seleniumhq.org/exceptions/no_such_element.html
Build info: version: '3.141.59', revision: 'e82be7d358', time: '2018-11-14T08:17:03'
System info: host: 'Nadiruzzamans-MacBook-Pro.local', ip: 'fe80:0:0:0:71:bdf4:2237:c4a8%en0', os.name: 'Mac OS X', os.arch: 'x86_64', os.version: '10.15.7', java.version: '1.8.0_181'
Driver info: org.openqa.selenium.chrome.ChromeDriver
Capabilities {acceptInsecureCerts: false, browserName: chrome, browserVersion: 87.0.4280.88, chrome: {chromedriverVersion: 87.0.4280.88 (89e2380a3e36c..., userDataDir: /var/folders/mm/x4ngx3h945v...}, goog:chromeOptions: {debuggerAddress: localhost:53592}, javascriptEnabled: true, networkConnectionEnabled: false, pageLoadStrategy: normal, platform: MAC, platformName: MAC, proxy: Proxy(), setWindowRect: true, strictFileInteractability: false, timeouts: {implicit: 0, pageLoad: 300000, script: 30000}, unhandledPromptBehavior: dismiss and notify, webauthn:virtualAuthenticators: true}
Session ID: eb790b4a6791cd5bfccb8ffdc2ac5bd7
*** Element info: {Using=xpath, value=//a/b[@title='View my shopping cart']}]]>
            </message>
            <full-stacktrace>
              <![CDATA[org.openqa.selenium.NoSuchElementException: no such element: Unable to locate element: {"method":"xpath","selector":"//a/b[@title='View my shopping cart']"}
  (Session info: chrome=87.0.4280.88)
For documentation on this error, please visit: https://www.seleniumhq.org/exceptions/no_such_element.html
Build info: version: '3.141.59', revision: 'e82be7d358', time: '2018-11-14T08:17:03'
System info: host: 'Nadiruzzamans-MacBook-Pro.local', ip: 'fe80:0:0:0:71:bdf4:2237:c4a8%en0', os.name: 'Mac OS X', os.arch: 'x86_64', os.version: '10.15.7', java.version: '1.8.0_181'
Driver info: org.openqa.selenium.chrome.ChromeDriver
Capabilities {acceptInsecureCerts: false, browserName: chrome, browserVersion: 87.0.4280.88, chrome: {chromedriverVersion: 87.0.4280.88 (89e2380a3e36c..., userDataDir: /var/folders/mm/x4ngx3h945v...}, goog:chromeOptions: {debuggerAddress: localhost:53592}, javascriptEnabled: true, networkConnectionEnabled: false, pageLoadStrategy: normal, platform: MAC, platformName: MAC, proxy: Proxy(), setWindowRect: true, strictFileInteractability: false, timeouts: {implicit: 0, pageLoad: 300000, script: 30000}, unhandledPromptBehavior: dismiss and notify, webauthn:virtualAuthenticators: true}
Session ID: eb790b4a6791cd5bfccb8ffdc2ac5bd7
*** Element info: {Using=xpath, value=//a/b[@title='View my shopping cart']}
at sun.reflect.NativeConstructorAccessorImpl.newInstance0(Native Method)
at sun.reflect.NativeConstructorAccessorImpl.newInstance(NativeConstructorAccessorImpl.java:62)
at sun.reflect.DelegatingConstructorAccessorImpl.newInstance(DelegatingConstructorAccessorImpl.java:45)
at java.lang.reflect.Constructor.newInstance(Constructor.java:423)
at org.openqa.selenium.remote.http.W3CHttpResponseCodec.createException(W3CHttpResponseCodec.java:187)
at org.openqa.selenium.remote.http.W3CHttpResponseCodec.decode(W3CHttpResponseCodec.java:122)
at org.openqa.selenium.remote.http.W3CHttpResponseCodec.decode(W3CHttpResponseCodec.java:49)
at org.openqa.selenium.remote.HttpCommandExecutor.execute(HttpCommandExecutor.java:158)
at org.openqa.selenium.remote.service.DriverCommandExecutor.execute(DriverCommandExecutor.java:83)
at org.openqa.selenium.remote.RemoteWebDriver.execute(RemoteWebDriver.java:552)
at org.openqa.selenium.remote.RemoteWebDriver.findElement(RemoteWebDriver.java:323)
at org.openqa.selenium.remote.RemoteWebDriver.findElementByXPath(RemoteWebDriver.java:428)
at org.openqa.selenium.By$ByXPath.findElement(By.java:353)
at org.openqa.selenium.remote.RemoteWebDriver.findElement(RemoteWebDriver.java:315)
at org.openqa.selenium.support.pagefactory.DefaultElementLocator.findElement(DefaultElementLocator.java:69)
at org.openqa.selenium.support.pagefactory.internal.LocatingElementHandler.invoke(LocatingElementHandler.java:38)
at com.sun.proxy.$Proxy9.isDisplayed(Unknown Source)
at controller.CartPage.cartButtonDisplayed(CartPage.java:18)
at cartPageTest.ValidCartPageTest.verifyCartButtonAvailableInOurStoresPgae(ValidCartPageTest.java:42)
at sun.reflect.NativeMethodAccessorImpl.invoke0(Native Method)
at sun.reflect.NativeMethodAccessorImpl.invoke(NativeMethodAccessorImpl.java:62)
at sun.reflect.DelegatingMethodAccessorImpl.invoke(DelegatingMethodAccessorImpl.java:43)
at java.lang.reflect.Method.invoke(Method.java:498)
at org.testng.internal.MethodInvocationHelper.invokeMethod(MethodInvocationHelper.java:132)
at org.testng.internal.TestInvoker.invokeMethod(TestInvoker.java:599)
at org.testng.internal.TestInvoker.invokeTestMethod(TestInvoker.java:174)
at org.testng.internal.MethodRunner.runInSequence(MethodRunner.java:46)
at org.testng.internal.TestInvoker$MethodInvocationAgent.invoke(TestInvoker.java:822)
at org.testng.internal.TestInvoker.invokeTestMethods(TestInvoker.java:147)
at org.testng.internal.TestMethodWorker.invokeTestMethods(TestMethodWorker.java:146)
at org.testng.internal.TestMethodWorker.run(TestMethodWorker.java:128)
at java.util.ArrayList.forEach(ArrayList.java:1257)
at org.testng.TestRunner.privateRun(TestRunner.java:764)
at org.testng.TestRunner.run(TestRunner.java:585)
at org.testng.SuiteRunner.runTest(SuiteRunner.java:384)
at org.testng.SuiteRunner.runSequentially(SuiteRunner.java:378)
at org.testng.SuiteRunner.privateRun(SuiteRunner.java:337)
at org.testng.SuiteRunner.run(SuiteRunner.java:286)
at org.testng.SuiteRunnerWorker.runSuite(SuiteRunnerWorker.java:53)
at org.testng.SuiteRunnerWorker.run(SuiteRunnerWorker.java:96)
at org.testng.TestNG.runSuitesSequentially(TestNG.java:1218)
at org.testng.TestNG.runSuitesLocally(TestNG.java:1140)
at org.testng.TestNG.runSuites(TestNG.java:1069)
at org.testng.TestNG.run(TestNG.java:1037)
at com.intellij.rt.testng.IDEARemoteTestNG.run(IDEARemoteTestNG.java:66)
at com.intellij.rt.testng.RemoteTestNGStarter.main(RemoteTestNGStarter.java:110)
]]>
            </full-stacktrace>
          </exception> <!-- org.openqa.selenium.NoSuchElementException -->
          <reporter-output>
            <line>
              <![CDATA[Test  start: verifyCartButtonAvailableInOurStoresPgae]]>
            </line>
            <line>
              <![CDATA[<a href='/Users/nadiruzzamanmuhammad/Documents/uiAutomationSeleniumJava/src/main/java/failureScreenshots/verifyCartButtonAvailableInOurStoresPgae_19_12_2020_10_27_23.png'> <image src='/Users/nadiruzzamanmuhammad/Documents/uiAutomationSeleniumJava/src/main/java/failureScreenshots/verifyCartButtonAvailableInOurStoresPgae_19_12_2020_10_27_23.png'height='100' width'100'/> </a>]]>
            </line>
          </reporter-output>
        </test-method> <!-- verifyCartButtonAvailableInOurStoresPgae -->
        <test-method status="FAIL" signature="verifyCartButtonAvailableInContactUsPgae()[pri:8, instance:cartPageTest.ValidCartPageTest@77e4c80f]" name="verifyCartButtonAvailableInContactUsPgae" duration-ms="910" started-at="2020-12-19T10:27:24 EST" finished-at="2020-12-19T10:27:25 EST">
          <exception class="org.openqa.selenium.NoSuchElementException">
            <message>
              <![CDATA[no such element: Unable to locate element: {"method":"xpath","selector":"//a/b[@title='View my shopping cart']"}
  (Session info: chrome=87.0.4280.88)
For documentation on this error, please visit: https://www.seleniumhq.org/exceptions/no_such_element.html
Build info: version: '3.141.59', revision: 'e82be7d358', time: '2018-11-14T08:17:03'
System info: host: 'Nadiruzzamans-MacBook-Pro.local', ip: 'fe80:0:0:0:71:bdf4:2237:c4a8%en0', os.name: 'Mac OS X', os.arch: 'x86_64', os.version: '10.15.7', java.version: '1.8.0_181'
Driver info: org.openqa.selenium.chrome.ChromeDriver
Capabilities {acceptInsecureCerts: false, browserName: chrome, browserVersion: 87.0.4280.88, chrome: {chromedriverVersion: 87.0.4280.88 (89e2380a3e36c..., userDataDir: /var/folders/mm/x4ngx3h945v...}, goog:chromeOptions: {debuggerAddress: localhost:53592}, javascriptEnabled: true, networkConnectionEnabled: false, pageLoadStrategy: normal, platform: MAC, platformName: MAC, proxy: Proxy(), setWindowRect: true, strictFileInteractability: false, timeouts: {implicit: 0, pageLoad: 300000, script: 30000}, unhandledPromptBehavior: dismiss and notify, webauthn:virtualAuthenticators: true}
Session ID: eb790b4a6791cd5bfccb8ffdc2ac5bd7
*** Element info: {Using=xpath, value=//a/b[@title='View my shopping cart']}]]>
            </message>
            <full-stacktrace>
              <![CDATA[org.openqa.selenium.NoSuchElementException: no such element: Unable to locate element: {"method":"xpath","selector":"//a/b[@title='View my shopping cart']"}
  (Session info: chrome=87.0.4280.88)
For documentation on this error, please visit: https://www.seleniumhq.org/exceptions/no_such_element.html
Build info: version: '3.141.59', revision: 'e82be7d358', time: '2018-11-14T08:17:03'
System info: host: 'Nadiruzzamans-MacBook-Pro.local', ip: 'fe80:0:0:0:71:bdf4:2237:c4a8%en0', os.name: 'Mac OS X', os.arch: 'x86_64', os.version: '10.15.7', java.version: '1.8.0_181'
Driver info: org.openqa.selenium.chrome.ChromeDriver
Capabilities {acceptInsecureCerts: false, browserName: chrome, browserVersion: 87.0.4280.88, chrome: {chromedriverVersion: 87.0.4280.88 (89e2380a3e36c..., userDataDir: /var/folders/mm/x4ngx3h945v...}, goog:chromeOptions: {debuggerAddress: localhost:53592}, javascriptEnabled: true, networkConnectionEnabled: false, pageLoadStrategy: normal, platform: MAC, platformName: MAC, proxy: Proxy(), setWindowRect: true, strictFileInteractability: false, timeouts: {implicit: 0, pageLoad: 300000, script: 30000}, unhandledPromptBehavior: dismiss and notify, webauthn:virtualAuthenticators: true}
Session ID: eb790b4a6791cd5bfccb8ffdc2ac5bd7
*** Element info: {Using=xpath, value=//a/b[@title='View my shopping cart']}
at sun.reflect.NativeConstructorAccessorImpl.newInstance0(Native Method)
at sun.reflect.NativeConstructorAccessorImpl.newInstance(NativeConstructorAccessorImpl.java:62)
at sun.reflect.DelegatingConstructorAccessorImpl.newInstance(DelegatingConstructorAccessorImpl.java:45)
at java.lang.reflect.Constructor.newInstance(Constructor.java:423)
at org.openqa.selenium.remote.http.W3CHttpResponseCodec.createException(W3CHttpResponseCodec.java:187)
at org.openqa.selenium.remote.http.W3CHttpResponseCodec.decode(W3CHttpResponseCodec.java:122)
at org.openqa.selenium.remote.http.W3CHttpResponseCodec.decode(W3CHttpResponseCodec.java:49)
at org.openqa.selenium.remote.HttpCommandExecutor.execute(HttpCommandExecutor.java:158)
at org.openqa.selenium.remote.service.DriverCommandExecutor.execute(DriverCommandExecutor.java:83)
at org.openqa.selenium.remote.RemoteWebDriver.execute(RemoteWebDriver.java:552)
at org.openqa.selenium.remote.RemoteWebDriver.findElement(RemoteWebDriver.java:323)
at org.openqa.selenium.remote.RemoteWebDriver.findElementByXPath(RemoteWebDriver.java:428)
at org.openqa.selenium.By$ByXPath.findElement(By.java:353)
at org.openqa.selenium.remote.RemoteWebDriver.findElement(RemoteWebDriver.java:315)
at org.openqa.selenium.support.pagefactory.DefaultElementLocator.findElement(DefaultElementLocator.java:69)
at org.openqa.selenium.support.pagefactory.internal.LocatingElementHandler.invoke(LocatingElementHandler.java:38)
at com.sun.proxy.$Proxy9.isDisplayed(Unknown Source)
at controller.CartPage.cartButtonDisplayed(CartPage.java:18)
at cartPageTest.ValidCartPageTest.verifyCartButtonAvailableInContactUsPgae(ValidCartPageTest.java:50)
at sun.reflect.NativeMethodAccessorImpl.invoke0(Native Method)
at sun.reflect.NativeMethodAccessorImpl.invoke(NativeMethodAccessorImpl.java:62)
at sun.reflect.DelegatingMethodAccessorImpl.invoke(DelegatingMethodAccessorImpl.java:43)
at java.lang.reflect.Method.invoke(Method.java:498)
at org.testng.internal.MethodInvocationHelper.invokeMethod(MethodInvocationHelper.java:132)
at org.testng.internal.TestInvoker.invokeMethod(TestInvoker.java:599)
at org.testng.internal.TestInvoker.invokeTestMethod(TestInvoker.java:174)
at org.testng.internal.MethodRunner.runInSequence(MethodRunner.java:46)
at org.testng.internal.TestInvoker$MethodInvocationAgent.invoke(TestInvoker.java:822)
at org.testng.internal.TestInvoker.invokeTestMethods(TestInvoker.java:147)
at org.testng.internal.TestMethodWorker.invokeTestMethods(TestMethodWorker.java:146)
at org.testng.internal.TestMethodWorker.run(TestMethodWorker.java:128)
at java.util.ArrayList.forEach(ArrayList.java:1257)
at org.testng.TestRunner.privateRun(TestRunner.java:764)
at org.testng.TestRunner.run(TestRunner.java:585)
at org.testng.SuiteRunner.runTest(SuiteRunner.java:384)
at org.testng.SuiteRunner.runSequentially(SuiteRunner.java:378)
at org.testng.SuiteRunner.privateRun(SuiteRunner.java:337)
at org.testng.SuiteRunner.run(SuiteRunner.java:286)
at org.testng.SuiteRunnerWorker.runSuite(SuiteRunnerWorker.java:53)
at org.testng.SuiteRunnerWorker.run(SuiteRunnerWorker.java:96)
at org.testng.TestNG.runSuitesSequentially(TestNG.java:1218)
at org.testng.TestNG.runSuitesLocally(TestNG.java:1140)
at org.testng.TestNG.runSuites(TestNG.java:1069)
at org.testng.TestNG.run(TestNG.java:1037)
at com.intellij.rt.testng.IDEARemoteTestNG.run(IDEARemoteTestNG.java:66)
at com.intellij.rt.testng.RemoteTestNGStarter.main(RemoteTestNGStarter.java:110)
]]>
            </full-stacktrace>
          </exception> <!-- org.openqa.selenium.NoSuchElementException -->
          <reporter-output>
            <line>
              <![CDATA[Test  start: verifyCartButtonAvailableInContactUsPgae]]>
            </line>
            <line>
              <![CDATA[<a href='/Users/nadiruzzamanmuhammad/Documents/uiAutomationSeleniumJava/src/main/java/failureScreenshots/verifyCartButtonAvailableInContactUsPgae_19_12_2020_10_27_25.png'> <image src='/Users/nadiruzzamanmuhammad/Documents/uiAutomationSeleniumJava/src/main/java/failureScreenshots/verifyCartButtonAvailableInContactUsPgae_19_12_2020_10_27_25.png'height='100' width'100'/> </a>]]>
            </line>
          </reporter-output>
        </test-method> <!-- verifyCartButtonAvailableInContactUsPgae -->
      </class> <!-- cartPageTest.ValidCartPageTest -->
    </test> <!-- /Users/nadiruzzamanmuhammad/Documents/uiAutomationSeleniumJava -->
  </suite> <!-- All Test Suite -->
</testng-results>
