<?xml version="1.0" encoding="UTF-8"?>
<!-- Generated by org.testng.reporters.JUnitReportReporter -->
<testsuite skipped="1" hostname="Nadiruzzamans-MacBook-Pro.local" name="loginTest.ValidLoginTest" tests="2" failures="0" timestamp="2020-11-16T09:16:58 EST" time="71.216" errors="1">
  <testcase name="verifySignInTabDisplayed" time="0.000" classname="loginTest.ValidLoginTest">
    <skipped/>
  </testcase> <!-- verifySignInTabDisplayed -->
  <system-out/>
  <testcase name="beforeTest" time="71.216" classname="loginTest.ValidLoginTest">
    <error type="org.openqa.selenium.WebDriverException" message="unknown error: unrecognized MSEdge version: Chrome/63.0.3230.0
Build info: version: &#039;3.141.59&#039;, revision: &#039;e82be7d358&#039;, time: &#039;2018-11-14T08:17:03&#039;
System info: host: &#039;Nadiruzzamans-MacBook-Pro.local&#039;, ip: &#039;fe80:0:0:0:1c34:f7c2:962:e5e5%en0&#039;, os.name: &#039;Mac OS X&#039;, os.arch: &#039;x86_64&#039;, os.version: &#039;10.15.7&#039;, java.version: &#039;1.8.0_181&#039;
Driver info: driver.version: EdgeDriver
remote stacktrace: 0   msedgedriver                        0x0000000108f84d99 msedgedriver + 18185625
1   msedgedriver                        0x0000000108f48773 msedgedriver + 17938291
2   msedgedriver                        0x0000000107efb65d msedgedriver + 845405
3   msedgedriver                        0x0000000107e3df79 msedgedriver + 69497
4   msedgedriver                        0x0000000107e3d855 msedgedriver + 67669
5   msedgedriver                        0x0000000107eeb186 msedgedriver + 778630
6   msedgedriver                        0x0000000107e461e2 msedgedriver + 102882
7   msedgedriver                        0x0000000107e4270a msedgedriver + 87818
8   msedgedriver                        0x0000000107e3ef82 msedgedriver + 73602
9   msedgedriver                        0x0000000107e722af msedgedriver + 283311
10  msedgedriver                        0x0000000107e6ecd3 msedgedriver + 269523
11  msedgedriver                        0x0000000107e48aa1 msedgedriver + 113313
12  msedgedriver                        0x0000000107e49ac7 msedgedriver + 117447
13  msedgedriver                        0x0000000108411890 msedgedriver + 6178960
14  msedgedriver                        0x000000010841d4ef msedgedriver + 6227183
15  msedgedriver                        0x000000010841d167 msedgedriver + 6226279
16  msedgedriver                        0x0000000108f4f835 msedgedriver + 17967157
17  msedgedriver                        0x000000010841da74 msedgedriver + 6228596
18  msedgedriver                        0x0000000108f63c0d msedgedriver + 18050061
19  msedgedriver                        0x00000001084312fd msedgedriver + 6308605
20  msedgedriver                        0x0000000108f89b67 msedgedriver + 18205543
21  libsystem_pthread.dylib             0x00007fff72ad6109 _pthread_start + 148
22  libsystem_pthread.dylib             0x00007fff72ad1b8b thread_start + 15
">
      <![CDATA[org.openqa.selenium.WebDriverException: unknown error: unrecognized MSEdge version: Chrome/63.0.3230.0
Build info: version: '3.141.59', revision: 'e82be7d358', time: '2018-11-14T08:17:03'
System info: host: 'Nadiruzzamans-MacBook-Pro.local', ip: 'fe80:0:0:0:1c34:f7c2:962:e5e5%en0', os.name: 'Mac OS X', os.arch: 'x86_64', os.version: '10.15.7', java.version: '1.8.0_181'
Driver info: driver.version: EdgeDriver
remote stacktrace: 0   msedgedriver                        0x0000000108f84d99 msedgedriver + 18185625
1   msedgedriver                        0x0000000108f48773 msedgedriver + 17938291
2   msedgedriver                        0x0000000107efb65d msedgedriver + 845405
3   msedgedriver                        0x0000000107e3df79 msedgedriver + 69497
4   msedgedriver                        0x0000000107e3d855 msedgedriver + 67669
5   msedgedriver                        0x0000000107eeb186 msedgedriver + 778630
6   msedgedriver                        0x0000000107e461e2 msedgedriver + 102882
7   msedgedriver                        0x0000000107e4270a msedgedriver + 87818
8   msedgedriver                        0x0000000107e3ef82 msedgedriver + 73602
9   msedgedriver                        0x0000000107e722af msedgedriver + 283311
10  msedgedriver                        0x0000000107e6ecd3 msedgedriver + 269523
11  msedgedriver                        0x0000000107e48aa1 msedgedriver + 113313
12  msedgedriver                        0x0000000107e49ac7 msedgedriver + 117447
13  msedgedriver                        0x0000000108411890 msedgedriver + 6178960
14  msedgedriver                        0x000000010841d4ef msedgedriver + 6227183
15  msedgedriver                        0x000000010841d167 msedgedriver + 6226279
16  msedgedriver                        0x0000000108f4f835 msedgedriver + 17967157
17  msedgedriver                        0x000000010841da74 msedgedriver + 6228596
18  msedgedriver                        0x0000000108f63c0d msedgedriver + 18050061
19  msedgedriver                        0x00000001084312fd msedgedriver + 6308605
20  msedgedriver                        0x0000000108f89b67 msedgedriver + 18205543
21  libsystem_pthread.dylib             0x00007fff72ad6109 _pthread_start + 148
22  libsystem_pthread.dylib             0x00007fff72ad1b8b thread_start + 15

at sun.reflect.NativeConstructorAccessorImpl.newInstance0(Native Method)
at sun.reflect.NativeConstructorAccessorImpl.newInstance(NativeConstructorAccessorImpl.java:62)
at sun.reflect.DelegatingConstructorAccessorImpl.newInstance(DelegatingConstructorAccessorImpl.java:45)
at java.lang.reflect.Constructor.newInstance(Constructor.java:423)
at org.openqa.selenium.remote.W3CHandshakeResponse.lambda$errorHandler$0(W3CHandshakeResponse.java:62)
at org.openqa.selenium.remote.HandshakeResponse.lambda$getResponseFunction$0(HandshakeResponse.java:30)
at org.openqa.selenium.remote.ProtocolHandshake.lambda$createSession$0(ProtocolHandshake.java:126)
at java.util.stream.ReferencePipeline$3$1.accept(ReferencePipeline.java:193)
at java.util.Spliterators$ArraySpliterator.tryAdvance(Spliterators.java:958)
at java.util.stream.ReferencePipeline.forEachWithCancel(ReferencePipeline.java:126)
at java.util.stream.AbstractPipeline.copyIntoWithCancel(AbstractPipeline.java:498)
at java.util.stream.AbstractPipeline.copyInto(AbstractPipeline.java:485)
at java.util.stream.AbstractPipeline.wrapAndCopyInto(AbstractPipeline.java:471)
at java.util.stream.FindOps$FindOp.evaluateSequential(FindOps.java:152)
at java.util.stream.AbstractPipeline.evaluate(AbstractPipeline.java:234)
at java.util.stream.ReferencePipeline.findFirst(ReferencePipeline.java:464)
at org.openqa.selenium.remote.ProtocolHandshake.createSession(ProtocolHandshake.java:128)
at org.openqa.selenium.remote.ProtocolHandshake.createSession(ProtocolHandshake.java:74)
at org.openqa.selenium.remote.HttpCommandExecutor.execute(HttpCommandExecutor.java:136)
at org.openqa.selenium.remote.service.DriverCommandExecutor.execute(DriverCommandExecutor.java:83)
at org.openqa.selenium.remote.RemoteWebDriver.execute(RemoteWebDriver.java:552)
at org.openqa.selenium.remote.RemoteWebDriver.startSession(RemoteWebDriver.java:213)
at org.openqa.selenium.remote.RemoteWebDriver.<init>(RemoteWebDriver.java:131)
at org.openqa.selenium.edge.EdgeDriver.<init>(EdgeDriver.java:141)
at org.openqa.selenium.edge.EdgeDriver.<init>(EdgeDriver.java:96)
at base.ScriptBase.beforeTest(ScriptBase.java:37)
at sun.reflect.NativeMethodAccessorImpl.invoke0(Native Method)
at sun.reflect.NativeMethodAccessorImpl.invoke(NativeMethodAccessorImpl.java:62)
at sun.reflect.DelegatingMethodAccessorImpl.invoke(DelegatingMethodAccessorImpl.java:43)
at java.lang.reflect.Method.invoke(Method.java:498)
at org.testng.internal.MethodInvocationHelper.invokeMethod(MethodInvocationHelper.java:132)
at org.testng.internal.MethodInvocationHelper.invokeMethodConsideringTimeout(MethodInvocationHelper.java:61)
at org.testng.internal.ConfigInvoker.invokeConfigurationMethod(ConfigInvoker.java:366)
at org.testng.internal.ConfigInvoker.invokeConfigurations(ConfigInvoker.java:320)
at org.testng.TestRunner.invokeTestConfigurations(TestRunner.java:617)
at org.testng.TestRunner.beforeRun(TestRunner.java:607)
at org.testng.TestRunner.run(TestRunner.java:578)
at org.testng.SuiteRunner.runTest(SuiteRunner.java:384)
at org.testng.SuiteRunner.runSequentially(SuiteRunner.java:378)
at org.testng.SuiteRunner.privateRun(SuiteRunner.java:337)
at org.testng.SuiteRunner.run(SuiteRunner.java:286)
at org.testng.SuiteRunnerWorker.runSuite(SuiteRunnerWorker.java:53)
at org.testng.SuiteRunnerWorker.run(SuiteRunnerWorker.java:96)
at org.testng.TestNG.runSuitesSequentially(TestNG.java:1218)
at org.testng.TestNG.runSuitesLocally(TestNG.java:1140)
at org.testng.TestNG.runSuites(TestNG.java:1069)
at org.testng.TestNG.run(TestNG.java:1037)
at com.intellij.rt.testng.IDEARemoteTestNG.run(IDEARemoteTestNG.java:66)
at com.intellij.rt.testng.RemoteTestNGStarter.main(RemoteTestNGStarter.java:110)
]]>
    </error>
  </testcase> <!-- beforeTest -->
  <system-out/>
</testsuite> <!-- loginTest.ValidLoginTest -->
